{
  "stats": {
    "tests": 4,
    "passes": 4,
    "failures": 0,
    "duration": 3803,
    "start": "2019-09-23T03:56:25.242Z",
    "end": "2019-09-23T03:56:29.045Z"
  },
  "failures": [],
  "passes": [
    {
      "title": "it allows communication between two isolated components",
      "fullTitle": "useAppState it allows communication between two isolated components",
      "duration": 2780,
      "errorCount": 0
    },
    {
      "title": "different variables controls different states",
      "fullTitle": "useAppState different variables controls different states",
      "duration": 2780,
      "errorCount": 0
    },
    {
      "title": "it allows communication between two isolated components",
      "fullTitle": "useAppState it allows communication between two isolated components",
      "duration": 2860,
      "errorCount": 0
    },
    {
      "title": "different variables controls different states",
      "fullTitle": "useAppState different variables controls different states",
      "duration": 2860,
      "errorCount": 0
    },
    {
      "title": "it allows communication between two isolated components",
      "fullTitle": "useAppState it allows communication between two isolated components",
      "duration": 2276,
      "errorCount": 0
    },
    {
      "title": "different variables controls different states",
      "fullTitle": "useAppState different variables controls different states",
      "duration": 2276,
      "errorCount": 0
    },
    {
      "title": "it allows communication between two isolated components",
      "fullTitle": "useAppState it allows communication between two isolated components",
      "duration": 2288,
      "errorCount": 0
    },
    {
      "title": "different variables controls different states",
      "fullTitle": "useAppState different variables controls different states",
      "duration": 2288,
      "errorCount": 0
    },
    {
      "title": "it allows communication between two isolated components",
      "fullTitle": "useAppState it allows communication between two isolated components",
      "duration": 2455,
      "errorCount": 0
    },
    {
      "title": "different variables controls different states",
      "fullTitle": "useAppState different variables controls different states",
      "duration": 2455,
      "errorCount": 0
    },
    {
      "title": "it allows communication between two isolated components",
      "fullTitle": "useAppState it allows communication between two isolated components",
      "duration": 2525,
      "errorCount": 0
    },
    {
      "title": "different variables controls different states",
      "fullTitle": "useAppState different variables controls different states",
      "duration": 2525,
      "errorCount": 0
    },
    {
      "title": "it allows communication between two isolated components",
      "fullTitle": "useAppState it allows communication between two isolated components",
      "duration": 1952,
      "errorCount": 0
    },
    {
      "title": "different variables controls different states",
      "fullTitle": "useAppState different variables controls different states",
      "duration": 1952,
      "errorCount": 0
    },
    {
      "title": "it allows communication between two isolated components",
      "fullTitle": "useAppState it allows communication between two isolated components",
      "duration": 1965,
      "errorCount": 0
    },
    {
      "title": "different variables controls different states",
      "fullTitle": "useAppState different variables controls different states",
      "duration": 1965,
      "errorCount": 0
    },
    {
      "title": "it allows communication between two isolated components",
      "fullTitle": "useAppState it allows communication between two isolated components",
      "duration": 1983,
      "errorCount": 0
    },
    {
      "title": "different variables controls different states",
      "fullTitle": "useAppState different variables controls different states",
      "duration": 1983,
      "errorCount": 0
    },
    {
      "title": "it allows communication between two isolated components",
      "fullTitle": "useAppState it allows communication between two isolated components",
      "duration": 2000,
      "errorCount": 0
    },
    {
      "title": "different variables controls different states",
      "fullTitle": "useAppState different variables controls different states",
      "duration": 2000,
      "errorCount": 0
    },
    {
      "title": "it allows communication between two isolated components",
      "fullTitle": "useAppState it allows communication between two isolated components",
      "duration": 2159,
      "errorCount": 0
    },
    {
      "title": "different variables controls different states",
      "fullTitle": "useAppState different variables controls different states",
      "duration": 2159,
      "errorCount": 0
    },
    {
      "title": "it allows communication between two isolated components",
      "fullTitle": "useAppState it allows communication between two isolated components",
      "duration": 2218,
      "errorCount": 0
    },
    {
      "title": "different variables controls different states",
      "fullTitle": "useAppState different variables controls different states",
      "duration": 2218,
      "errorCount": 0
    },
    {
      "title": "it allows communication between two isolated components",
      "fullTitle": "useAppState it allows communication between two isolated components",
      "duration": 2010,
      "errorCount": 0
    },
    {
      "title": "different variables controls different states",
      "fullTitle": "useAppState different variables controls different states",
      "duration": 2010,
      "errorCount": 0
    },
    {
      "title": "it allows communication between two isolated components",
      "fullTitle": "useAppState it allows communication between two isolated components",
      "duration": 2030,
      "errorCount": 0
    },
    {
      "title": "different variables controls different states",
      "fullTitle": "useAppState different variables controls different states",
      "duration": 2030,
      "errorCount": 0
    },
    {
      "title": "it allows communication between two isolated components",
      "fullTitle": "useAppState it allows communication between two isolated components",
      "duration": 2161,
      "errorCount": 0
    },
    {
      "title": "different variables controls different states",
      "fullTitle": "useAppState different variables controls different states",
      "duration": 2161,
      "errorCount": 0
    },
    {
      "title": "it allows communication between two isolated components",
      "fullTitle": "useAppState it allows communication between two isolated components",
      "duration": 2204,
      "errorCount": 0
    },
    {
      "title": "different variables controls different states",
      "fullTitle": "useAppState different variables controls different states",
      "duration": 2204,
      "errorCount": 0
    }
  ],
  "skipped": []
}